{"/mnt/i/AI/Trello_backend/backend/src/server.ts": {"path":"/mnt/i/AI/Trello_backend/backend/src/server.ts","statementMap":{"0":{"start":{"line":1,"column":0},"end":{"line":1,"column":30}},"1":{"start":{"line":3,"column":0},"end":{"line":3,"column":33}},"2":{"start":{"line":4,"column":25},"end":{"line":4,"column":28}},"3":{"start":{"line":5,"column":0},"end":{"line":5,"column":24}},"4":{"start":{"line":6,"column":0},"end":{"line":6,"column":28}},"5":{"start":{"line":8,"column":0},"end":{"line":8,"column":16}},"6":{"start":{"line":10,"column":13},"end":{"line":10,"column":29}},"7":{"start":{"line":11,"column":13},"end":{"line":11,"column":37}},"8":{"start":{"line":13,"column":0},"end":{"line":13,"column":16}},"9":{"start":{"line":14,"column":0},"end":{"line":14,"column":24}},"10":{"start":{"line":16,"column":15},"end":{"line":22,"column":2}},"11":{"start":{"line":24,"column":21},"end":{"line":31,"column":1}},"12":{"start":{"line":25,"column":2},"end":{"line":25,"column":75}},"13":{"start":{"line":25,"column":61},"end":{"line":25,"column":75}},"14":{"start":{"line":26,"column":21},"end":{"line":26,"column":46}},"15":{"start":{"line":27,"column":2},"end":{"line":29,"column":3}},"16":{"start":{"line":28,"column":4},"end":{"line":28,"column":18}},"17":{"start":{"line":30,"column":2},"end":{"line":30,"column":50}},"18":{"start":{"line":33,"column":0},"end":{"line":33,"column":22}},"19":{"start":{"line":36,"column":0},"end":{"line":51,"column":3}},"20":{"start":{"line":37,"column":2},"end":{"line":50,"column":3}},"21":{"start":{"line":38,"column":22},"end":{"line":38,"column":30}},"22":{"start":{"line":39,"column":4},"end":{"line":42,"column":5}},"23":{"start":{"line":40,"column":6},"end":{"line":40,"column":56}},"24":{"start":{"line":41,"column":6},"end":{"line":41,"column":13}},"25":{"start":{"line":43,"column":17},"end":{"line":45,"column":6}},"26":{"start":{"line":46,"column":4},"end":{"line":46,"column":61}},"27":{"start":{"line":48,"column":4},"end":{"line":48,"column":45}},"28":{"start":{"line":49,"column":4},"end":{"line":49,"column":80}},"29":{"start":{"line":54,"column":0},"end":{"line":66,"column":3}},"30":{"start":{"line":55,"column":2},"end":{"line":65,"column":3}},"31":{"start":{"line":56,"column":19},"end":{"line":56,"column":48}},"32":{"start":{"line":57,"column":4},"end":{"line":62,"column":7}},"33":{"start":{"line":58,"column":31},"end":{"line":61,"column":8}},"34":{"start":{"line":64,"column":4},"end":{"line":64,"column":80}},"35":{"start":{"line":68,"column":0},"end":{"line":77,"column":3}},"36":{"start":{"line":69,"column":2},"end":{"line":76,"column":3}},"37":{"start":{"line":70,"column":30},"end":{"line":70,"column":38}},"38":{"start":{"line":71,"column":22},"end":{"line":71,"column":100}},"39":{"start":{"line":72,"column":18},"end":{"line":72,"column":83}},"40":{"start":{"line":73,"column":4},"end":{"line":73,"column":62}},"41":{"start":{"line":75,"column":4},"end":{"line":75,"column":80}},"42":{"start":{"line":79,"column":0},"end":{"line":88,"column":3}},"43":{"start":{"line":80,"column":2},"end":{"line":87,"column":3}},"44":{"start":{"line":81,"column":20},"end":{"line":81,"column":57}},"45":{"start":{"line":82,"column":32},"end":{"line":82,"column":40}},"46":{"start":{"line":83,"column":17},"end":{"line":83,"column":81}},"47":{"start":{"line":84,"column":4},"end":{"line":84,"column":61}},"48":{"start":{"line":86,"column":4},"end":{"line":86,"column":80}},"49":{"start":{"line":90,"column":0},"end":{"line":92,"column":1}},"50":{"start":{"line":91,"column":4},"end":{"line":91,"column":86}},"51":{"start":{"line":91,"column":27},"end":{"line":91,"column":84}}},"fnMap":{"0":{"name":"(anonymous_1)","decl":{"start":{"line":24,"column":21},"end":{"line":24,"column":22}},"loc":{"start":{"line":24,"column":73},"end":{"line":31,"column":1}}},"1":{"name":"(anonymous_2)","decl":{"start":{"line":36,"column":18},"end":{"line":36,"column":23}},"loc":{"start":{"line":36,"column":56},"end":{"line":51,"column":1}}},"2":{"name":"(anonymous_3)","decl":{"start":{"line":54,"column":18},"end":{"line":54,"column":23}},"loc":{"start":{"line":54,"column":56},"end":{"line":66,"column":1}}},"3":{"name":"(anonymous_4)","decl":{"start":{"line":58,"column":25},"end":{"line":58,"column":26}},"loc":{"start":{"line":58,"column":31},"end":{"line":61,"column":8}}},"4":{"name":"(anonymous_5)","decl":{"start":{"line":68,"column":19},"end":{"line":68,"column":24}},"loc":{"start":{"line":68,"column":57},"end":{"line":77,"column":1}}},"5":{"name":"(anonymous_6)","decl":{"start":{"line":79,"column":28},"end":{"line":79,"column":33}},"loc":{"start":{"line":79,"column":66},"end":{"line":88,"column":1}}},"6":{"name":"(anonymous_7)","decl":{"start":{"line":91,"column":21},"end":{"line":91,"column":24}},"loc":{"start":{"line":91,"column":27},"end":{"line":91,"column":84}}}},"branchMap":{"0":{"loc":{"start":{"line":11,"column":13},"end":{"line":11,"column":37}},"type":"binary-expr","locations":[{"start":{"line":11,"column":13},"end":{"line":11,"column":29}},{"start":{"line":11,"column":33},"end":{"line":11,"column":37}}]},"1":{"loc":{"start":{"line":25,"column":2},"end":{"line":25,"column":75}},"type":"if","locations":[{"start":{"line":25,"column":2},"end":{"line":25,"column":75}},{"start":{},"end":{}}]},"2":{"loc":{"start":{"line":25,"column":6},"end":{"line":25,"column":59}},"type":"binary-expr","locations":[{"start":{"line":25,"column":6},"end":{"line":25,"column":27}},{"start":{"line":25,"column":31},"end":{"line":25,"column":59}}]},"3":{"loc":{"start":{"line":27,"column":2},"end":{"line":29,"column":3}},"type":"if","locations":[{"start":{"line":27,"column":2},"end":{"line":29,"column":3}},{"start":{},"end":{}}]},"4":{"loc":{"start":{"line":27,"column":6},"end":{"line":27,"column":85}},"type":"binary-expr","locations":[{"start":{"line":27,"column":6},"end":{"line":27,"column":33}},{"start":{"line":27,"column":38},"end":{"line":27,"column":48}},{"start":{"line":27,"column":52},"end":{"line":27,"column":84}}]},"5":{"loc":{"start":{"line":39,"column":4},"end":{"line":42,"column":5}},"type":"if","locations":[{"start":{"line":39,"column":4},"end":{"line":42,"column":5}},{"start":{},"end":{}}]},"6":{"loc":{"start":{"line":49,"column":34},"end":{"line":49,"column":76}},"type":"cond-expr","locations":[{"start":{"line":49,"column":55},"end":{"line":49,"column":64}},{"start":{"line":49,"column":67},"end":{"line":49,"column":76}}]},"7":{"loc":{"start":{"line":60,"column":16},"end":{"line":60,"column":64}},"type":"cond-expr","locations":[{"start":{"line":60,"column":27},"end":{"line":60,"column":57}},{"start":{"line":60,"column":60},"end":{"line":60,"column":64}}]},"8":{"loc":{"start":{"line":64,"column":34},"end":{"line":64,"column":76}},"type":"cond-expr","locations":[{"start":{"line":64,"column":55},"end":{"line":64,"column":64}},{"start":{"line":64,"column":67},"end":{"line":64,"column":76}}]},"9":{"loc":{"start":{"line":71,"column":22},"end":{"line":71,"column":100}},"type":"cond-expr","locations":[{"start":{"line":71,"column":32},"end":{"line":71,"column":92}},{"start":{"line":71,"column":96},"end":{"line":71,"column":100}}]},"10":{"loc":{"start":{"line":71,"column":32},"end":{"line":71,"column":92}},"type":"cond-expr","locations":[{"start":{"line":71,"column":61},"end":{"line":71,"column":67}},{"start":{"line":71,"column":70},"end":{"line":71,"column":92}}]},"11":{"loc":{"start":{"line":75,"column":34},"end":{"line":75,"column":76}},"type":"cond-expr","locations":[{"start":{"line":75,"column":55},"end":{"line":75,"column":64}},{"start":{"line":75,"column":67},"end":{"line":75,"column":76}}]},"12":{"loc":{"start":{"line":86,"column":34},"end":{"line":86,"column":76}},"type":"cond-expr","locations":[{"start":{"line":86,"column":55},"end":{"line":86,"column":64}},{"start":{"line":86,"column":67},"end":{"line":86,"column":76}}]},"13":{"loc":{"start":{"line":90,"column":0},"end":{"line":92,"column":1}},"type":"if","locations":[{"start":{"line":90,"column":0},"end":{"line":92,"column":1}},{"start":{},"end":{}}]}},"s":{"0":1,"1":1,"2":1,"3":1,"4":1,"5":1,"6":1,"7":1,"8":1,"9":1,"10":1,"11":1,"12":1,"13":1,"14":0,"15":0,"16":0,"17":0,"18":1,"19":1,"20":1,"21":1,"22":1,"23":0,"24":0,"25":1,"26":0,"27":1,"28":1,"29":1,"30":0,"31":0,"32":0,"33":0,"34":0,"35":1,"36":0,"37":0,"38":0,"39":0,"40":0,"41":0,"42":1,"43":0,"44":0,"45":0,"46":0,"47":0,"48":0,"49":1,"50":0,"51":0},"f":{"0":1,"1":1,"2":0,"3":0,"4":0,"5":0,"6":0},"b":{"0":[1,1],"1":[1,0],"2":[1,1],"3":[0,0],"4":[0,0,0],"5":[0,1],"6":[1,0],"7":[0,0],"8":[0,0],"9":[0,0],"10":[0,0],"11":[0,0],"12":[0,0],"13":[0,1]}}
}
