TN:
SF:src/server.ts
FN:24,(anonymous_1)
FN:36,(anonymous_2)
FN:54,(anonymous_3)
FN:58,(anonymous_4)
FN:68,(anonymous_5)
FN:79,(anonymous_6)
FN:91,(anonymous_7)
FNF:7
FNH:2
FNDA:1,(anonymous_1)
FNDA:1,(anonymous_2)
FNDA:0,(anonymous_3)
FNDA:0,(anonymous_4)
FNDA:0,(anonymous_5)
FNDA:0,(anonymous_6)
FNDA:0,(anonymous_7)
DA:1,1
DA:3,1
DA:4,1
DA:5,1
DA:6,1
DA:8,1
DA:10,1
DA:11,1
DA:13,1
DA:14,1
DA:16,1
DA:24,1
DA:25,1
DA:26,0
DA:27,0
DA:28,0
DA:30,0
DA:33,1
DA:36,1
DA:37,1
DA:38,1
DA:39,1
DA:40,0
DA:41,0
DA:43,1
DA:46,0
DA:48,1
DA:49,1
DA:54,1
DA:55,0
DA:56,0
DA:57,0
DA:58,0
DA:64,0
DA:68,1
DA:69,0
DA:70,0
DA:71,0
DA:72,0
DA:73,0
DA:75,0
DA:79,1
DA:80,0
DA:81,0
DA:82,0
DA:83,0
DA:84,0
DA:86,0
DA:90,1
DA:91,0
LF:50
LH:25
BRDA:11,0,0,1
BRDA:11,0,1,1
BRDA:25,1,0,1
BRDA:25,1,1,0
BRDA:25,2,0,1
BRDA:25,2,1,1
BRDA:27,3,0,0
BRDA:27,3,1,0
BRDA:27,4,0,0
BRDA:27,4,1,0
BRDA:27,4,2,0
BRDA:39,5,0,0
BRDA:39,5,1,1
BRDA:49,6,0,1
BRDA:49,6,1,0
BRDA:60,7,0,0
BRDA:60,7,1,0
BRDA:64,8,0,0
BRDA:64,8,1,0
BRDA:71,9,0,0
BRDA:71,9,1,0
BRDA:71,10,0,0
BRDA:71,10,1,0
BRDA:75,11,0,0
BRDA:75,11,1,0
BRDA:86,12,0,0
BRDA:86,12,1,0
BRDA:90,13,0,0
BRDA:90,13,1,1
BRF:29
BRH:8
end_of_record
